<?xml version="1.0" encoding="UTF-8"?>
<!-- Generated by org.testng.reporters.JUnitReportReporter -->
<testsuite hostname="LAPTOP-50EOP4VT" failures="0" tests="2" name="testP1.TC0002__LoginP1Positive" time="57.292" errors="0" timestamp="2023-11-29T17:42:03 IST" skipped="0">
  <testcase classname="testP1.TC0002__LoginP1Positive" name="Register" time="32.738"/>
  <testcase classname="testP1.TC0002__LoginP1Positive" name="Register" time="24.554"/>
</testsuite> <!-- testP1.TC0002__LoginP1Positive -->
