<?xml version="1.0" encoding="UTF-8"?>
<!-- Generated by org.testng.reporters.JUnitReportReporter -->
<testsuite hostname="LAPTOP-50EOP4VT" failures="0" tests="2" name="testP1.TC0002__LoginP1Positive" time="80.169" errors="0" timestamp="2023-11-28T15:09:14 IST" skipped="0">
  <testcase classname="testP1.TC0002__LoginP1Positive" name="Register" time="40.853"/>
  <testcase classname="testP1.TC0002__LoginP1Positive" name="Register" time="39.316"/>
</testsuite> <!-- testP1.TC0002__LoginP1Positive -->
