<?xml version="1.0" encoding="UTF-8"?>
<!-- Generated by org.testng.reporters.JUnitReportReporter -->
<testsuite hostname="LAPTOP-50EOP4VT" failures="0" tests="1" name="testP1.TC0009__AddCartCheckoutandPayment" time="202.674" errors="0" timestamp="2023-12-06T13:50:05 IST" skipped="0">
  <testcase classname="testP1.TC0009__AddCartCheckoutandPayment" name="checkoutPay" time="202.674"/>
</testsuite> <!-- testP1.TC0009__AddCartCheckoutandPayment -->
