<?xml version="1.0" encoding="UTF-8"?>
<!-- Generated by org.testng.reporters.JUnitReportReporter -->
<testsuite hostname="LAPTOP-50EOP4VT" failures="0" tests="1" name="testP1.TC0007__DeptAddtoCart" time="68.255" errors="0" timestamp="2023-11-28T09:34:10 IST" skipped="0">
  <testcase classname="testP1.TC0007__DeptAddtoCart" name="DeptAdd" time="68.255"/>
</testsuite> <!-- testP1.TC0007__DeptAddtoCart -->
