<?xml version="1.0" encoding="UTF-8"?>
<!-- Generated by org.testng.reporters.JUnitReportReporter -->
<testsuite hostname="LAPTOP-50EOP4VT" failures="0" tests="1" name="testP1.TC0003__CountrySelect" time="10.289" errors="1" timestamp="2023-11-18T14:13:06 IST" skipped="0">
  <testcase classname="testP1.TC0003__CountrySelect" name="countrySelect" time="10.289">
    <error type="java.lang.StackOverflowError">
      <![CDATA[java.lang.StackOverflowError
at utilityP1.UtilitiyP1.click(UtilitiyP1.java:79)
at utilityP1.UtilitiyP1.click(UtilitiyP1.java:79)
at utilityP1.UtilitiyP1.click(UtilitiyP1.java:79)
at utilityP1.UtilitiyP1.click(UtilitiyP1.java:79)
at utilityP1.UtilitiyP1.click(UtilitiyP1.java:79)
at utilityP1.UtilitiyP1.click(UtilitiyP1.java:79)
at utilityP1.UtilitiyP1.click(UtilitiyP1.java:79)
at utilityP1.UtilitiyP1.click(UtilitiyP1.java:79)
at utilityP1.UtilitiyP1.click(UtilitiyP1.java:79)
at utilityP1.UtilitiyP1.click(UtilitiyP1.java:79)
at utilityP1.UtilitiyP1.click(UtilitiyP1.java:79)
at utilityP1.UtilitiyP1.click(UtilitiyP1.java:79)
at utilityP1.UtilitiyP1.click(UtilitiyP1.java:79)
at utilityP1.UtilitiyP1.click(UtilitiyP1.java:79)
at utilityP1.UtilitiyP1.click(UtilitiyP1.java:79)
at utilityP1.UtilitiyP1.click(UtilitiyP1.java:79)
at utilityP1.UtilitiyP1.click(UtilitiyP1.java:79)
at utilityP1.UtilitiyP1.click(UtilitiyP1.java:79)
at utilityP1.UtilitiyP1.click(UtilitiyP1.java:79)
at utilityP1.UtilitiyP1.click(UtilitiyP1.java:79)
at utilityP1.UtilitiyP1.click(UtilitiyP1.java:79)
at utilityP1.UtilitiyP1.click(UtilitiyP1.java:79)
at utilityP1.UtilitiyP1.click(UtilitiyP1.java:79)
at utilityP1.UtilitiyP1.click(UtilitiyP1.java:79)
at utilityP1.UtilitiyP1.click(UtilitiyP1.java:79)
at utilityP1.UtilitiyP1.click(UtilitiyP1.java:79)
at utilityP1.UtilitiyP1.click(UtilitiyP1.java:79)
at utilityP1.UtilitiyP1.click(UtilitiyP1.java:79)
at utilityP1.UtilitiyP1.click(UtilitiyP1.java:79)
at utilityP1.UtilitiyP1.click(UtilitiyP1.java:79)
at utilityP1.UtilitiyP1.click(UtilitiyP1.java:79)
at utilityP1.UtilitiyP1.click(UtilitiyP1.java:79)
at utilityP1.UtilitiyP1.click(UtilitiyP1.java:79)
at utilityP1.UtilitiyP1.click(UtilitiyP1.java:79)
at utilityP1.UtilitiyP1.click(UtilitiyP1.java:79)
at utilityP1.UtilitiyP1.click(UtilitiyP1.java:79)
at utilityP1.UtilitiyP1.click(UtilitiyP1.java:79)
at utilityP1.UtilitiyP1.click(UtilitiyP1.java:79)
at utilityP1.UtilitiyP1.click(UtilitiyP1.java:79)
at utilityP1.UtilitiyP1.click(UtilitiyP1.java:79)
at utilityP1.UtilitiyP1.click(UtilitiyP1.java:79)
at utilityP1.UtilitiyP1.click(UtilitiyP1.java:79)
at utilityP1.UtilitiyP1.click(UtilitiyP1.java:79)
at utilityP1.UtilitiyP1.click(UtilitiyP1.java:79)
at utilityP1.UtilitiyP1.click(UtilitiyP1.java:79)
at utilityP1.UtilitiyP1.click(UtilitiyP1.java:79)
at utilityP1.UtilitiyP1.click(UtilitiyP1.java:79)
at utilityP1.UtilitiyP1.click(UtilitiyP1.java:79)
at utilityP1.UtilitiyP1.click(UtilitiyP1.java:79)
at utilityP1.UtilitiyP1.click(UtilitiyP1.java:79)
at utilityP1.UtilitiyP1.click(UtilitiyP1.java:79)
at utilityP1.UtilitiyP1.click(UtilitiyP1.java:79)
at utilityP1.UtilitiyP1.click(UtilitiyP1.java:79)
at utilityP1.UtilitiyP1.click(UtilitiyP1.java:79)
at utilityP1.UtilitiyP1.click(UtilitiyP1.java:79)
at utilityP1.UtilitiyP1.click(UtilitiyP1.java:79)
at utilityP1.UtilitiyP1.click(UtilitiyP1.java:79)
at utilityP1.UtilitiyP1.click(UtilitiyP1.java:79)
at utilityP1.UtilitiyP1.click(UtilitiyP1.java:79)
at utilityP1.UtilitiyP1.click(UtilitiyP1.java:79)
at utilityP1.UtilitiyP1.click(UtilitiyP1.java:79)
at utilityP1.UtilitiyP1.click(UtilitiyP1.java:79)
at utilityP1.UtilitiyP1.click(UtilitiyP1.java:79)
at utilityP1.UtilitiyP1.click(UtilitiyP1.java:79)
at utilityP1.UtilitiyP1.click(UtilitiyP1.java:79)
at utilityP1.UtilitiyP1.click(UtilitiyP1.java:79)
at utilityP1.UtilitiyP1.click(UtilitiyP1.java:79)
at utilityP1.UtilitiyP1.click(UtilitiyP1.java:79)
at utilityP1.UtilitiyP1.click(UtilitiyP1.java:79)
at utilityP1.UtilitiyP1.click(UtilitiyP1.java:79)
at utilityP1.UtilitiyP1.click(UtilitiyP1.java:79)
at utilityP1.UtilitiyP1.click(UtilitiyP1.java:79)
at utilityP1.UtilitiyP1.click(UtilitiyP1.java:79)
at utilityP1.UtilitiyP1.click(UtilitiyP1.java:79)
at utilityP1.UtilitiyP1.click(UtilitiyP1.java:79)
at utilityP1.UtilitiyP1.click(UtilitiyP1.java:79)
at utilityP1.UtilitiyP1.click(UtilitiyP1.java:79)
at utilityP1.UtilitiyP1.click(UtilitiyP1.java:79)
at utilityP1.UtilitiyP1.click(UtilitiyP1.java:79)
at utilityP1.UtilitiyP1.click(UtilitiyP1.java:79)
at utilityP1.UtilitiyP1.click(UtilitiyP1.java:79)
at utilityP1.UtilitiyP1.click(UtilitiyP1.java:79)
at utilityP1.UtilitiyP1.click(UtilitiyP1.java:79)
at utilityP1.UtilitiyP1.click(UtilitiyP1.java:79)
at utilityP1.UtilitiyP1.click(UtilitiyP1.java:79)
at utilityP1.UtilitiyP1.click(UtilitiyP1.java:79)
at utilityP1.UtilitiyP1.click(UtilitiyP1.java:79)
at utilityP1.UtilitiyP1.click(UtilitiyP1.java:79)
at utilityP1.UtilitiyP1.click(UtilitiyP1.java:79)
at utilityP1.UtilitiyP1.click(UtilitiyP1.java:79)
at utilityP1.UtilitiyP1.click(UtilitiyP1.java:79)
at utilityP1.UtilitiyP1.click(UtilitiyP1.java:79)
at utilityP1.UtilitiyP1.click(UtilitiyP1.java:79)
at utilityP1.UtilitiyP1.click(UtilitiyP1.java:79)
at utilityP1.UtilitiyP1.click(UtilitiyP1.java:79)
at utilityP1.UtilitiyP1.click(UtilitiyP1.java:79)
at utilityP1.UtilitiyP1.click(UtilitiyP1.java:79)
at utilityP1.UtilitiyP1.click(UtilitiyP1.java:79)
at utilityP1.UtilitiyP1.click(UtilitiyP1.java:79)
at utilityP1.UtilitiyP1.click(UtilitiyP1.java:79)
at utilityP1.UtilitiyP1.click(UtilitiyP1.java:79)
at utilityP1.UtilitiyP1.click(UtilitiyP1.java:79)
at utilityP1.UtilitiyP1.click(UtilitiyP1.java:79)
at utilityP1.UtilitiyP1.click(UtilitiyP1.java:79)
at utilityP1.UtilitiyP1.click(UtilitiyP1.java:79)
at utilityP1.UtilitiyP1.click(UtilitiyP1.java:79)
at utilityP1.UtilitiyP1.click(UtilitiyP1.java:79)
at utilityP1.UtilitiyP1.click(UtilitiyP1.java:79)
at utilityP1.UtilitiyP1.click(UtilitiyP1.java:79)
at utilityP1.UtilitiyP1.click(UtilitiyP1.java:79)
at utilityP1.UtilitiyP1.click(UtilitiyP1.java:79)
at utilityP1.UtilitiyP1.click(UtilitiyP1.java:79)
at utilityP1.UtilitiyP1.click(UtilitiyP1.java:79)
at utilityP1.UtilitiyP1.click(UtilitiyP1.java:79)
at utilityP1.UtilitiyP1.click(UtilitiyP1.java:79)
at utilityP1.UtilitiyP1.click(UtilitiyP1.java:79)
at utilityP1.UtilitiyP1.click(UtilitiyP1.java:79)
at utilityP1.UtilitiyP1.click(UtilitiyP1.java:79)
at utilityP1.UtilitiyP1.click(UtilitiyP1.java:79)
at utilityP1.UtilitiyP1.click(UtilitiyP1.java:79)
at utilityP1.UtilitiyP1.click(UtilitiyP1.java:79)
at utilityP1.UtilitiyP1.click(UtilitiyP1.java:79)
at utilityP1.UtilitiyP1.click(UtilitiyP1.java:79)
at utilityP1.UtilitiyP1.click(UtilitiyP1.java:79)
at utilityP1.UtilitiyP1.click(UtilitiyP1.java:79)
at utilityP1.UtilitiyP1.click(UtilitiyP1.java:79)
at utilityP1.UtilitiyP1.click(UtilitiyP1.java:79)
at utilityP1.UtilitiyP1.click(UtilitiyP1.java:79)
at utilityP1.UtilitiyP1.click(UtilitiyP1.java:79)
at utilityP1.UtilitiyP1.click(UtilitiyP1.java:79)
at utilityP1.UtilitiyP1.click(UtilitiyP1.java:79)
at utilityP1.UtilitiyP1.click(UtilitiyP1.java:79)
at utilityP1.UtilitiyP1.click(UtilitiyP1.java:79)
at utilityP1.UtilitiyP1.click(UtilitiyP1.java:79)
at utilityP1.UtilitiyP1.click(UtilitiyP1.java:79)
at utilityP1.UtilitiyP1.click(UtilitiyP1.java:79)
at utilityP1.UtilitiyP1.click(UtilitiyP1.java:79)
at utilityP1.UtilitiyP1.click(UtilitiyP1.java:79)
at utilityP1.UtilitiyP1.click(UtilitiyP1.java:79)
at utilityP1.UtilitiyP1.click(UtilitiyP1.java:79)
at utilityP1.UtilitiyP1.click(UtilitiyP1.java:79)
at utilityP1.UtilitiyP1.click(UtilitiyP1.java:79)
at utilityP1.UtilitiyP1.click(UtilitiyP1.java:79)
at utilityP1.UtilitiyP1.click(UtilitiyP1.java:79)
at utilityP1.UtilitiyP1.click(UtilitiyP1.java:79)
at utilityP1.UtilitiyP1.click(UtilitiyP1.java:79)
at utilityP1.UtilitiyP1.click(UtilitiyP1.java:79)
at utilityP1.UtilitiyP1.click(UtilitiyP1.java:79)
at utilityP1.UtilitiyP1.click(UtilitiyP1.java:79)
at utilityP1.UtilitiyP1.click(UtilitiyP1.java:79)
at utilityP1.UtilitiyP1.click(UtilitiyP1.java:79)
at utilityP1.UtilitiyP1.click(UtilitiyP1.java:79)
at utilityP1.UtilitiyP1.click(UtilitiyP1.java:79)
at utilityP1.UtilitiyP1.click(UtilitiyP1.java:79)
at utilityP1.UtilitiyP1.click(UtilitiyP1.java:79)
at utilityP1.UtilitiyP1.click(UtilitiyP1.java:79)
at utilityP1.UtilitiyP1.click(UtilitiyP1.java:79)
at utilityP1.UtilitiyP1.click(UtilitiyP1.java:79)
at utilityP1.UtilitiyP1.click(UtilitiyP1.java:79)
at utilityP1.UtilitiyP1.click(UtilitiyP1.java:79)
at utilityP1.UtilitiyP1.click(UtilitiyP1.java:79)
at utilityP1.UtilitiyP1.click(UtilitiyP1.java:79)
at utilityP1.UtilitiyP1.click(UtilitiyP1.java:79)
at utilityP1.UtilitiyP1.click(UtilitiyP1.java:79)
at utilityP1.UtilitiyP1.click(UtilitiyP1.java:79)
at utilityP1.UtilitiyP1.click(UtilitiyP1.java:79)
at utilityP1.UtilitiyP1.click(UtilitiyP1.java:79)
at utilityP1.UtilitiyP1.click(UtilitiyP1.java:79)
at utilityP1.UtilitiyP1.click(UtilitiyP1.java:79)
at utilityP1.UtilitiyP1.click(UtilitiyP1.java:79)
at utilityP1.UtilitiyP1.click(UtilitiyP1.java:79)
at utilityP1.UtilitiyP1.click(UtilitiyP1.java:79)
at utilityP1.UtilitiyP1.click(UtilitiyP1.java:79)
at utilityP1.UtilitiyP1.click(UtilitiyP1.java:79)
at utilityP1.UtilitiyP1.click(UtilitiyP1.java:79)
at utilityP1.UtilitiyP1.click(UtilitiyP1.java:79)
at utilityP1.UtilitiyP1.click(UtilitiyP1.java:79)
at utilityP1.UtilitiyP1.click(UtilitiyP1.java:79)
at utilityP1.UtilitiyP1.click(UtilitiyP1.java:79)
at utilityP1.UtilitiyP1.click(UtilitiyP1.java:79)
at utilityP1.UtilitiyP1.click(UtilitiyP1.java:79)
at utilityP1.UtilitiyP1.click(UtilitiyP1.java:79)
at utilityP1.UtilitiyP1.click(UtilitiyP1.java:79)
at utilityP1.UtilitiyP1.click(UtilitiyP1.java:79)
at utilityP1.UtilitiyP1.click(UtilitiyP1.java:79)
at utilityP1.UtilitiyP1.click(UtilitiyP1.java:79)
at utilityP1.UtilitiyP1.click(UtilitiyP1.java:79)
at utilityP1.UtilitiyP1.click(UtilitiyP1.java:79)
at utilityP1.UtilitiyP1.click(UtilitiyP1.java:79)
at utilityP1.UtilitiyP1.click(UtilitiyP1.java:79)
at utilityP1.UtilitiyP1.click(UtilitiyP1.java:79)
at utilityP1.UtilitiyP1.click(UtilitiyP1.java:79)
at utilityP1.UtilitiyP1.click(UtilitiyP1.java:79)
at utilityP1.UtilitiyP1.click(UtilitiyP1.java:79)
at utilityP1.UtilitiyP1.click(UtilitiyP1.java:79)
at utilityP1.UtilitiyP1.click(UtilitiyP1.java:79)
at utilityP1.UtilitiyP1.click(UtilitiyP1.java:79)
at utilityP1.UtilitiyP1.click(UtilitiyP1.java:79)
at utilityP1.UtilitiyP1.click(UtilitiyP1.java:79)
at utilityP1.UtilitiyP1.click(UtilitiyP1.java:79)
at utilityP1.UtilitiyP1.click(UtilitiyP1.java:79)
at utilityP1.UtilitiyP1.click(UtilitiyP1.java:79)
at utilityP1.UtilitiyP1.click(UtilitiyP1.java:79)
at utilityP1.UtilitiyP1.click(UtilitiyP1.java:79)
at utilityP1.UtilitiyP1.click(UtilitiyP1.java:79)
at utilityP1.UtilitiyP1.click(UtilitiyP1.java:79)
at utilityP1.UtilitiyP1.click(UtilitiyP1.java:79)
at utilityP1.UtilitiyP1.click(UtilitiyP1.java:79)
at utilityP1.UtilitiyP1.click(UtilitiyP1.java:79)
at utilityP1.UtilitiyP1.click(UtilitiyP1.java:79)
at utilityP1.UtilitiyP1.click(UtilitiyP1.java:79)
at utilityP1.UtilitiyP1.click(UtilitiyP1.java:79)
at utilityP1.UtilitiyP1.click(UtilitiyP1.java:79)
at utilityP1.UtilitiyP1.click(UtilitiyP1.java:79)
at utilityP1.UtilitiyP1.click(UtilitiyP1.java:79)
at utilityP1.UtilitiyP1.click(UtilitiyP1.java:79)
at utilityP1.UtilitiyP1.click(UtilitiyP1.java:79)
at utilityP1.UtilitiyP1.click(UtilitiyP1.java:79)
at utilityP1.UtilitiyP1.click(UtilitiyP1.java:79)
at utilityP1.UtilitiyP1.click(UtilitiyP1.java:79)
at utilityP1.UtilitiyP1.click(UtilitiyP1.java:79)
at utilityP1.UtilitiyP1.click(UtilitiyP1.java:79)
at utilityP1.UtilitiyP1.click(UtilitiyP1.java:79)
at utilityP1.UtilitiyP1.click(UtilitiyP1.java:79)
at utilityP1.UtilitiyP1.click(UtilitiyP1.java:79)
at utilityP1.UtilitiyP1.click(UtilitiyP1.java:79)
at utilityP1.UtilitiyP1.click(UtilitiyP1.java:79)
at utilityP1.UtilitiyP1.click(UtilitiyP1.java:79)
at utilityP1.UtilitiyP1.click(UtilitiyP1.java:79)
at utilityP1.UtilitiyP1.click(UtilitiyP1.java:79)
at utilityP1.UtilitiyP1.click(UtilitiyP1.java:79)
at utilityP1.UtilitiyP1.click(UtilitiyP1.java:79)
at utilityP1.UtilitiyP1.click(UtilitiyP1.java:79)
at utilityP1.UtilitiyP1.click(UtilitiyP1.java:79)
at utilityP1.UtilitiyP1.click(UtilitiyP1.java:79)
at utilityP1.UtilitiyP1.click(UtilitiyP1.java:79)
at utilityP1.UtilitiyP1.click(UtilitiyP1.java:79)
at utilityP1.UtilitiyP1.click(UtilitiyP1.java:79)
at utilityP1.UtilitiyP1.click(UtilitiyP1.java:79)
at utilityP1.UtilitiyP1.click(UtilitiyP1.java:79)
at utilityP1.UtilitiyP1.click(UtilitiyP1.java:79)
at utilityP1.UtilitiyP1.click(UtilitiyP1.java:79)
at utilityP1.UtilitiyP1.click(UtilitiyP1.java:79)
at utilityP1.UtilitiyP1.click(UtilitiyP1.java:79)
at utilityP1.UtilitiyP1.click(UtilitiyP1.java:79)
at utilityP1.UtilitiyP1.click(UtilitiyP1.java:79)
at utilityP1.UtilitiyP1.click(UtilitiyP1.java:79)
at utilityP1.UtilitiyP1.click(UtilitiyP1.java:79)
at utilityP1.UtilitiyP1.click(UtilitiyP1.java:79)
at utilityP1.UtilitiyP1.click(UtilitiyP1.java:79)
at utilityP1.UtilitiyP1.click(UtilitiyP1.java:79)
at utilityP1.UtilitiyP1.click(UtilitiyP1.java:79)
at utilityP1.UtilitiyP1.click(UtilitiyP1.java:79)
at utilityP1.UtilitiyP1.click(UtilitiyP1.java:79)
at utilityP1.UtilitiyP1.click(UtilitiyP1.java:79)
at utilityP1.UtilitiyP1.click(UtilitiyP1.java:79)
at utilityP1.UtilitiyP1.click(UtilitiyP1.java:79)
at utilityP1.UtilitiyP1.click(UtilitiyP1.java:79)
at utilityP1.UtilitiyP1.click(UtilitiyP1.java:79)
at utilityP1.UtilitiyP1.click(UtilitiyP1.java:79)
at utilityP1.UtilitiyP1.click(UtilitiyP1.java:79)
at utilityP1.UtilitiyP1.click(UtilitiyP1.java:79)
at utilityP1.UtilitiyP1.click(UtilitiyP1.java:79)
at utilityP1.UtilitiyP1.click(UtilitiyP1.java:79)
at utilityP1.UtilitiyP1.click(UtilitiyP1.java:79)
at utilityP1.UtilitiyP1.click(UtilitiyP1.java:79)
at utilityP1.UtilitiyP1.click(UtilitiyP1.java:79)
at utilityP1.UtilitiyP1.click(UtilitiyP1.java:79)
at utilityP1.UtilitiyP1.click(UtilitiyP1.java:79)
at utilityP1.UtilitiyP1.click(UtilitiyP1.java:79)
at utilityP1.UtilitiyP1.click(UtilitiyP1.java:79)
at utilityP1.UtilitiyP1.click(UtilitiyP1.java:79)
at utilityP1.UtilitiyP1.click(UtilitiyP1.java:79)
at utilityP1.UtilitiyP1.click(UtilitiyP1.java:79)
at utilityP1.UtilitiyP1.click(UtilitiyP1.java:79)
at utilityP1.UtilitiyP1.click(UtilitiyP1.java:79)
at utilityP1.UtilitiyP1.click(UtilitiyP1.java:79)
at utilityP1.UtilitiyP1.click(UtilitiyP1.java:79)
at utilityP1.UtilitiyP1.click(UtilitiyP1.java:79)
at utilityP1.UtilitiyP1.click(UtilitiyP1.java:79)
at utilityP1.UtilitiyP1.click(UtilitiyP1.java:79)
at utilityP1.UtilitiyP1.click(UtilitiyP1.java:79)
at utilityP1.UtilitiyP1.click(UtilitiyP1.java:79)
at utilityP1.UtilitiyP1.click(UtilitiyP1.java:79)
at utilityP1.UtilitiyP1.click(UtilitiyP1.java:79)
at utilityP1.UtilitiyP1.click(UtilitiyP1.java:79)
at utilityP1.UtilitiyP1.click(UtilitiyP1.java:79)
at utilityP1.UtilitiyP1.click(UtilitiyP1.java:79)
at utilityP1.UtilitiyP1.click(UtilitiyP1.java:79)
at utilityP1.UtilitiyP1.click(UtilitiyP1.java:79)
at utilityP1.UtilitiyP1.click(UtilitiyP1.java:79)
at utilityP1.UtilitiyP1.click(UtilitiyP1.java:79)
at utilityP1.UtilitiyP1.click(UtilitiyP1.java:79)
at utilityP1.UtilitiyP1.click(UtilitiyP1.java:79)
at utilityP1.UtilitiyP1.click(UtilitiyP1.java:79)
at utilityP1.UtilitiyP1.click(UtilitiyP1.java:79)
at utilityP1.UtilitiyP1.click(UtilitiyP1.java:79)
at utilityP1.UtilitiyP1.click(UtilitiyP1.java:79)
at utilityP1.UtilitiyP1.click(UtilitiyP1.java:79)
at utilityP1.UtilitiyP1.click(UtilitiyP1.java:79)
at utilityP1.UtilitiyP1.click(UtilitiyP1.java:79)
at utilityP1.UtilitiyP1.click(UtilitiyP1.java:79)
at utilityP1.UtilitiyP1.click(UtilitiyP1.java:79)
at utilityP1.UtilitiyP1.click(UtilitiyP1.java:79)
at utilityP1.UtilitiyP1.click(UtilitiyP1.java:79)
at utilityP1.UtilitiyP1.click(UtilitiyP1.java:79)
at utilityP1.UtilitiyP1.click(UtilitiyP1.java:79)
at utilityP1.UtilitiyP1.click(UtilitiyP1.java:79)
at utilityP1.UtilitiyP1.click(UtilitiyP1.java:79)
at utilityP1.UtilitiyP1.click(UtilitiyP1.java:79)
at utilityP1.UtilitiyP1.click(UtilitiyP1.java:79)
at utilityP1.UtilitiyP1.click(UtilitiyP1.java:79)
at utilityP1.UtilitiyP1.click(UtilitiyP1.java:79)
at utilityP1.UtilitiyP1.click(UtilitiyP1.java:79)
at utilityP1.UtilitiyP1.click(UtilitiyP1.java:79)
at utilityP1.UtilitiyP1.click(UtilitiyP1.java:79)
at utilityP1.UtilitiyP1.click(UtilitiyP1.java:79)
at utilityP1.UtilitiyP1.click(UtilitiyP1.java:79)
at utilityP1.UtilitiyP1.click(UtilitiyP1.java:79)
at utilityP1.UtilitiyP1.click(UtilitiyP1.java:79)
at utilityP1.UtilitiyP1.click(UtilitiyP1.java:79)
at utilityP1.UtilitiyP1.click(UtilitiyP1.java:79)
at utilityP1.UtilitiyP1.click(UtilitiyP1.java:79)
at utilityP1.UtilitiyP1.click(UtilitiyP1.java:79)
at utilityP1.UtilitiyP1.click(UtilitiyP1.java:79)
at utilityP1.UtilitiyP1.click(UtilitiyP1.java:79)
at utilityP1.UtilitiyP1.click(UtilitiyP1.java:79)
at utilityP1.UtilitiyP1.click(UtilitiyP1.java:79)
at utilityP1.UtilitiyP1.click(UtilitiyP1.java:79)
at utilityP1.UtilitiyP1.click(UtilitiyP1.java:79)
at utilityP1.UtilitiyP1.click(UtilitiyP1.java:79)
at utilityP1.UtilitiyP1.click(UtilitiyP1.java:79)
at utilityP1.UtilitiyP1.click(UtilitiyP1.java:79)
at utilityP1.UtilitiyP1.click(UtilitiyP1.java:79)
at utilityP1.UtilitiyP1.click(UtilitiyP1.java:79)
at utilityP1.UtilitiyP1.click(UtilitiyP1.java:79)
at utilityP1.UtilitiyP1.click(UtilitiyP1.java:79)
at utilityP1.UtilitiyP1.click(UtilitiyP1.java:79)
at utilityP1.UtilitiyP1.click(UtilitiyP1.java:79)
at utilityP1.UtilitiyP1.click(UtilitiyP1.java:79)
at utilityP1.UtilitiyP1.click(UtilitiyP1.java:79)
at utilityP1.UtilitiyP1.click(UtilitiyP1.java:79)
at utilityP1.UtilitiyP1.click(UtilitiyP1.java:79)
at utilityP1.UtilitiyP1.click(UtilitiyP1.java:79)
at utilityP1.UtilitiyP1.click(UtilitiyP1.java:79)
at utilityP1.UtilitiyP1.click(UtilitiyP1.java:79)
at utilityP1.UtilitiyP1.click(UtilitiyP1.java:79)
at utilityP1.UtilitiyP1.click(UtilitiyP1.java:79)
at utilityP1.UtilitiyP1.click(UtilitiyP1.java:79)
at utilityP1.UtilitiyP1.click(UtilitiyP1.java:79)
at utilityP1.UtilitiyP1.click(UtilitiyP1.java:79)
at utilityP1.UtilitiyP1.click(UtilitiyP1.java:79)
at utilityP1.UtilitiyP1.click(UtilitiyP1.java:79)
at utilityP1.UtilitiyP1.click(UtilitiyP1.java:79)
at utilityP1.UtilitiyP1.click(UtilitiyP1.java:79)
at utilityP1.UtilitiyP1.click(UtilitiyP1.java:79)
at utilityP1.UtilitiyP1.click(UtilitiyP1.java:79)
at utilityP1.UtilitiyP1.click(UtilitiyP1.java:79)
at utilityP1.UtilitiyP1.click(UtilitiyP1.java:79)
at utilityP1.UtilitiyP1.click(UtilitiyP1.java:79)
at utilityP1.UtilitiyP1.click(UtilitiyP1.java:79)
at utilityP1.UtilitiyP1.click(UtilitiyP1.java:79)
at utilityP1.UtilitiyP1.click(UtilitiyP1.java:79)
at utilityP1.UtilitiyP1.click(UtilitiyP1.java:79)
at utilityP1.UtilitiyP1.click(UtilitiyP1.java:79)
at utilityP1.UtilitiyP1.click(UtilitiyP1.java:79)
at utilityP1.UtilitiyP1.click(UtilitiyP1.java:79)
at utilityP1.UtilitiyP1.click(UtilitiyP1.java:79)
at utilityP1.UtilitiyP1.click(UtilitiyP1.java:79)
at utilityP1.UtilitiyP1.click(UtilitiyP1.java:79)
at utilityP1.UtilitiyP1.click(UtilitiyP1.java:79)
at utilityP1.UtilitiyP1.click(UtilitiyP1.java:79)
at utilityP1.UtilitiyP1.click(UtilitiyP1.java:79)
at utilityP1.UtilitiyP1.click(UtilitiyP1.java:79)
at utilityP1.UtilitiyP1.click(UtilitiyP1.java:79)
at utilityP1.UtilitiyP1.click(UtilitiyP1.java:79)
at utilityP1.UtilitiyP1.click(UtilitiyP1.java:79)
at utilityP1.UtilitiyP1.click(UtilitiyP1.java:79)
at utilityP1.UtilitiyP1.click(UtilitiyP1.java:79)
at utilityP1.UtilitiyP1.click(UtilitiyP1.java:79)
at utilityP1.UtilitiyP1.click(UtilitiyP1.java:79)
at utilityP1.UtilitiyP1.click(UtilitiyP1.java:79)
at utilityP1.UtilitiyP1.click(UtilitiyP1.java:79)
at utilityP1.UtilitiyP1.click(UtilitiyP1.java:79)
at utilityP1.UtilitiyP1.click(UtilitiyP1.java:79)
at utilityP1.UtilitiyP1.click(UtilitiyP1.java:79)
at utilityP1.UtilitiyP1.click(UtilitiyP1.java:79)
at utilityP1.UtilitiyP1.click(UtilitiyP1.java:79)
at utilityP1.UtilitiyP1.click(UtilitiyP1.java:79)
at utilityP1.UtilitiyP1.click(UtilitiyP1.java:79)
at utilityP1.UtilitiyP1.click(UtilitiyP1.java:79)
at utilityP1.UtilitiyP1.click(UtilitiyP1.java:79)
at utilityP1.UtilitiyP1.click(UtilitiyP1.java:79)
at utilityP1.UtilitiyP1.click(UtilitiyP1.java:79)
at utilityP1.UtilitiyP1.click(UtilitiyP1.java:79)
at utilityP1.UtilitiyP1.click(UtilitiyP1.java:79)
at utilityP1.UtilitiyP1.click(UtilitiyP1.java:79)
at utilityP1.UtilitiyP1.click(UtilitiyP1.java:79)
at utilityP1.UtilitiyP1.click(UtilitiyP1.java:79)
at utilityP1.UtilitiyP1.click(UtilitiyP1.java:79)
at utilityP1.UtilitiyP1.click(UtilitiyP1.java:79)
at utilityP1.UtilitiyP1.click(UtilitiyP1.java:79)
at utilityP1.UtilitiyP1.click(UtilitiyP1.java:79)
at utilityP1.UtilitiyP1.click(UtilitiyP1.java:79)
at utilityP1.UtilitiyP1.click(UtilitiyP1.java:79)
at utilityP1.UtilitiyP1.click(UtilitiyP1.java:79)
at utilityP1.UtilitiyP1.click(UtilitiyP1.java:79)
at utilityP1.UtilitiyP1.click(UtilitiyP1.java:79)
at utilityP1.UtilitiyP1.click(UtilitiyP1.java:79)
at utilityP1.UtilitiyP1.click(UtilitiyP1.java:79)
at utilityP1.UtilitiyP1.click(UtilitiyP1.java:79)
at utilityP1.UtilitiyP1.click(UtilitiyP1.java:79)
at utilityP1.UtilitiyP1.click(UtilitiyP1.java:79)
at utilityP1.UtilitiyP1.click(UtilitiyP1.java:79)
at utilityP1.UtilitiyP1.click(UtilitiyP1.java:79)
at utilityP1.UtilitiyP1.click(UtilitiyP1.java:79)
at utilityP1.UtilitiyP1.click(UtilitiyP1.java:79)
at utilityP1.UtilitiyP1.click(UtilitiyP1.java:79)
at utilityP1.UtilitiyP1.click(UtilitiyP1.java:79)
at utilityP1.UtilitiyP1.click(UtilitiyP1.java:79)
at utilityP1.UtilitiyP1.click(UtilitiyP1.java:79)
at utilityP1.UtilitiyP1.click(UtilitiyP1.java:79)
at utilityP1.UtilitiyP1.click(UtilitiyP1.java:79)
at utilityP1.UtilitiyP1.click(UtilitiyP1.java:79)
at utilityP1.UtilitiyP1.click(UtilitiyP1.java:79)
at utilityP1.UtilitiyP1.click(UtilitiyP1.java:79)
at utilityP1.UtilitiyP1.click(UtilitiyP1.java:79)
at utilityP1.UtilitiyP1.click(UtilitiyP1.java:79)
at utilityP1.UtilitiyP1.click(UtilitiyP1.java:79)
at utilityP1.UtilitiyP1.click(UtilitiyP1.java:79)
at utilityP1.UtilitiyP1.click(UtilitiyP1.java:79)
at utilityP1.UtilitiyP1.click(UtilitiyP1.java:79)
at utilityP1.UtilitiyP1.click(UtilitiyP1.java:79)
at utilityP1.UtilitiyP1.click(UtilitiyP1.java:79)
at utilityP1.UtilitiyP1.click(UtilitiyP1.java:79)
at utilityP1.UtilitiyP1.click(UtilitiyP1.java:79)
at utilityP1.UtilitiyP1.click(UtilitiyP1.java:79)
at utilityP1.UtilitiyP1.click(UtilitiyP1.java:79)
at utilityP1.UtilitiyP1.click(UtilitiyP1.java:79)
at utilityP1.UtilitiyP1.click(UtilitiyP1.java:79)
at utilityP1.UtilitiyP1.click(UtilitiyP1.java:79)
at utilityP1.UtilitiyP1.click(UtilitiyP1.java:79)
at utilityP1.UtilitiyP1.click(UtilitiyP1.java:79)
at utilityP1.UtilitiyP1.click(UtilitiyP1.java:79)
at utilityP1.UtilitiyP1.click(UtilitiyP1.java:79)
at utilityP1.UtilitiyP1.click(UtilitiyP1.java:79)
at utilityP1.UtilitiyP1.click(UtilitiyP1.java:79)
at utilityP1.UtilitiyP1.click(UtilitiyP1.java:79)
at utilityP1.UtilitiyP1.click(UtilitiyP1.java:79)
at utilityP1.UtilitiyP1.click(UtilitiyP1.java:79)
at utilityP1.UtilitiyP1.click(UtilitiyP1.java:79)
at utilityP1.UtilitiyP1.click(UtilitiyP1.java:79)
at utilityP1.UtilitiyP1.click(UtilitiyP1.java:79)
at utilityP1.UtilitiyP1.click(UtilitiyP1.java:79)
at utilityP1.UtilitiyP1.click(UtilitiyP1.java:79)
at utilityP1.UtilitiyP1.click(UtilitiyP1.java:79)
at utilityP1.UtilitiyP1.click(UtilitiyP1.java:79)
at utilityP1.UtilitiyP1.click(UtilitiyP1.java:79)
at utilityP1.UtilitiyP1.click(UtilitiyP1.java:79)
at utilityP1.UtilitiyP1.click(UtilitiyP1.java:79)
at utilityP1.UtilitiyP1.click(UtilitiyP1.java:79)
at utilityP1.UtilitiyP1.click(UtilitiyP1.java:79)
at utilityP1.UtilitiyP1.click(UtilitiyP1.java:79)
at utilityP1.UtilitiyP1.click(UtilitiyP1.java:79)
at utilityP1.UtilitiyP1.click(UtilitiyP1.java:79)
at utilityP1.UtilitiyP1.click(UtilitiyP1.java:79)
at utilityP1.UtilitiyP1.click(UtilitiyP1.java:79)
at utilityP1.UtilitiyP1.click(UtilitiyP1.java:79)
at utilityP1.UtilitiyP1.click(UtilitiyP1.java:79)
at utilityP1.UtilitiyP1.click(UtilitiyP1.java:79)
at utilityP1.UtilitiyP1.click(UtilitiyP1.java:79)
at utilityP1.UtilitiyP1.click(UtilitiyP1.java:79)
at utilityP1.UtilitiyP1.click(UtilitiyP1.java:79)
at utilityP1.UtilitiyP1.click(UtilitiyP1.java:79)
at utilityP1.UtilitiyP1.click(UtilitiyP1.java:79)
at utilityP1.UtilitiyP1.click(UtilitiyP1.java:79)
at utilityP1.UtilitiyP1.click(UtilitiyP1.java:79)
at utilityP1.UtilitiyP1.click(UtilitiyP1.java:79)
at utilityP1.UtilitiyP1.click(UtilitiyP1.java:79)
at utilityP1.UtilitiyP1.click(UtilitiyP1.java:79)
at utilityP1.UtilitiyP1.click(UtilitiyP1.java:79)
at utilityP1.UtilitiyP1.click(UtilitiyP1.java:79)
at utilityP1.UtilitiyP1.click(UtilitiyP1.java:79)
at utilityP1.UtilitiyP1.click(UtilitiyP1.java:79)
at utilityP1.UtilitiyP1.click(UtilitiyP1.java:79)
at utilityP1.UtilitiyP1.click(UtilitiyP1.java:79)
at utilityP1.UtilitiyP1.click(UtilitiyP1.java:79)
at utilityP1.UtilitiyP1.click(UtilitiyP1.java:79)
at utilityP1.UtilitiyP1.click(UtilitiyP1.java:79)
at utilityP1.UtilitiyP1.click(UtilitiyP1.java:79)
at utilityP1.UtilitiyP1.click(UtilitiyP1.java:79)
at utilityP1.UtilitiyP1.click(UtilitiyP1.java:79)
at utilityP1.UtilitiyP1.click(UtilitiyP1.java:79)
at utilityP1.UtilitiyP1.click(UtilitiyP1.java:79)
at utilityP1.UtilitiyP1.click(UtilitiyP1.java:79)
at utilityP1.UtilitiyP1.click(UtilitiyP1.java:79)
at utilityP1.UtilitiyP1.click(UtilitiyP1.java:79)
at utilityP1.UtilitiyP1.click(UtilitiyP1.java:79)
at utilityP1.UtilitiyP1.click(UtilitiyP1.java:79)
at utilityP1.UtilitiyP1.click(UtilitiyP1.java:79)
at utilityP1.UtilitiyP1.click(UtilitiyP1.java:79)
at utilityP1.UtilitiyP1.click(UtilitiyP1.java:79)
at utilityP1.UtilitiyP1.click(UtilitiyP1.java:79)
at utilityP1.UtilitiyP1.click(UtilitiyP1.java:79)
at utilityP1.UtilitiyP1.click(UtilitiyP1.java:79)
at utilityP1.UtilitiyP1.click(UtilitiyP1.java:79)
at utilityP1.UtilitiyP1.click(UtilitiyP1.java:79)
at utilityP1.UtilitiyP1.click(UtilitiyP1.java:79)
at utilityP1.UtilitiyP1.click(UtilitiyP1.java:79)
at utilityP1.UtilitiyP1.click(UtilitiyP1.java:79)
at utilityP1.UtilitiyP1.click(UtilitiyP1.java:79)
at utilityP1.UtilitiyP1.click(UtilitiyP1.java:79)
at utilityP1.UtilitiyP1.click(UtilitiyP1.java:79)
at utilityP1.UtilitiyP1.click(UtilitiyP1.java:79)
at utilityP1.UtilitiyP1.click(UtilitiyP1.java:79)
at utilityP1.UtilitiyP1.click(UtilitiyP1.java:79)
at utilityP1.UtilitiyP1.click(UtilitiyP1.java:79)
at utilityP1.UtilitiyP1.click(UtilitiyP1.java:79)
at utilityP1.UtilitiyP1.click(UtilitiyP1.java:79)
at utilityP1.UtilitiyP1.click(UtilitiyP1.java:79)
at utilityP1.UtilitiyP1.click(UtilitiyP1.java:79)
at utilityP1.UtilitiyP1.click(UtilitiyP1.java:79)
at utilityP1.UtilitiyP1.click(UtilitiyP1.java:79)
at utilityP1.UtilitiyP1.click(UtilitiyP1.java:79)
at utilityP1.UtilitiyP1.click(UtilitiyP1.java:79)
at utilityP1.UtilitiyP1.click(UtilitiyP1.java:79)
at utilityP1.UtilitiyP1.click(UtilitiyP1.java:79)
at utilityP1.UtilitiyP1.click(UtilitiyP1.java:79)
at utilityP1.UtilitiyP1.click(UtilitiyP1.java:79)
at utilityP1.UtilitiyP1.click(UtilitiyP1.java:79)
at utilityP1.UtilitiyP1.click(UtilitiyP1.java:79)
at utilityP1.UtilitiyP1.click(UtilitiyP1.java:79)
at utilityP1.UtilitiyP1.click(UtilitiyP1.java:79)
at utilityP1.UtilitiyP1.click(UtilitiyP1.java:79)
at utilityP1.UtilitiyP1.click(UtilitiyP1.java:79)
at utilityP1.UtilitiyP1.click(UtilitiyP1.java:79)
at utilityP1.UtilitiyP1.click(UtilitiyP1.java:79)
at utilityP1.UtilitiyP1.click(UtilitiyP1.java:79)
at utilityP1.UtilitiyP1.click(UtilitiyP1.java:79)
at utilityP1.UtilitiyP1.click(UtilitiyP1.java:79)
at utilityP1.UtilitiyP1.click(UtilitiyP1.java:79)
at utilityP1.UtilitiyP1.click(UtilitiyP1.java:79)
at utilityP1.UtilitiyP1.click(UtilitiyP1.java:79)
at utilityP1.UtilitiyP1.click(UtilitiyP1.java:79)
at utilityP1.UtilitiyP1.click(UtilitiyP1.java:79)
at utilityP1.UtilitiyP1.click(UtilitiyP1.java:79)
at utilityP1.UtilitiyP1.click(UtilitiyP1.java:79)
at utilityP1.UtilitiyP1.click(UtilitiyP1.java:79)
at utilityP1.UtilitiyP1.click(UtilitiyP1.java:79)
at utilityP1.UtilitiyP1.click(UtilitiyP1.java:79)
at utilityP1.UtilitiyP1.click(UtilitiyP1.java:79)
at utilityP1.UtilitiyP1.click(UtilitiyP1.java:79)
at utilityP1.UtilitiyP1.click(UtilitiyP1.java:79)
at utilityP1.UtilitiyP1.click(UtilitiyP1.java:79)
at utilityP1.UtilitiyP1.click(UtilitiyP1.java:79)
at utilityP1.UtilitiyP1.click(UtilitiyP1.java:79)
at utilityP1.UtilitiyP1.click(UtilitiyP1.java:79)
at utilityP1.UtilitiyP1.click(UtilitiyP1.java:79)
at utilityP1.UtilitiyP1.click(UtilitiyP1.java:79)
at utilityP1.UtilitiyP1.click(UtilitiyP1.java:79)
at utilityP1.UtilitiyP1.click(UtilitiyP1.java:79)
at utilityP1.UtilitiyP1.click(UtilitiyP1.java:79)
at utilityP1.UtilitiyP1.click(UtilitiyP1.java:79)
at utilityP1.UtilitiyP1.click(UtilitiyP1.java:79)
at utilityP1.UtilitiyP1.click(UtilitiyP1.java:79)
at utilityP1.UtilitiyP1.click(UtilitiyP1.java:79)
at utilityP1.UtilitiyP1.click(UtilitiyP1.java:79)
at utilityP1.UtilitiyP1.click(UtilitiyP1.java:79)
at utilityP1.UtilitiyP1.click(UtilitiyP1.java:79)
at utilityP1.UtilitiyP1.click(UtilitiyP1.java:79)
at utilityP1.UtilitiyP1.click(UtilitiyP1.java:79)
at utilityP1.UtilitiyP1.click(UtilitiyP1.java:79)
at utilityP1.UtilitiyP1.click(UtilitiyP1.java:79)
at utilityP1.UtilitiyP1.click(UtilitiyP1.java:79)
at utilityP1.UtilitiyP1.click(UtilitiyP1.java:79)
at utilityP1.UtilitiyP1.click(UtilitiyP1.java:79)
at utilityP1.UtilitiyP1.click(UtilitiyP1.java:79)
at utilityP1.UtilitiyP1.click(UtilitiyP1.java:79)
at utilityP1.UtilitiyP1.click(UtilitiyP1.java:79)
at utilityP1.UtilitiyP1.click(UtilitiyP1.java:79)
at utilityP1.UtilitiyP1.click(UtilitiyP1.java:79)
at utilityP1.UtilitiyP1.click(UtilitiyP1.java:79)
at utilityP1.UtilitiyP1.click(UtilitiyP1.java:79)
at utilityP1.UtilitiyP1.click(UtilitiyP1.java:79)
at utilityP1.UtilitiyP1.click(UtilitiyP1.java:79)
at utilityP1.UtilitiyP1.click(UtilitiyP1.java:79)
at utilityP1.UtilitiyP1.click(UtilitiyP1.java:79)
at utilityP1.UtilitiyP1.click(UtilitiyP1.java:79)
at utilityP1.UtilitiyP1.click(UtilitiyP1.java:79)
at utilityP1.UtilitiyP1.click(UtilitiyP1.java:79)
at utilityP1.UtilitiyP1.click(UtilitiyP1.java:79)
at utilityP1.UtilitiyP1.click(UtilitiyP1.java:79)
at utilityP1.UtilitiyP1.click(UtilitiyP1.java:79)
at utilityP1.UtilitiyP1.click(UtilitiyP1.java:79)
at utilityP1.UtilitiyP1.click(UtilitiyP1.java:79)
at utilityP1.UtilitiyP1.click(UtilitiyP1.java:79)
at utilityP1.UtilitiyP1.click(UtilitiyP1.java:79)
at utilityP1.UtilitiyP1.click(UtilitiyP1.java:79)
at utilityP1.UtilitiyP1.click(UtilitiyP1.java:79)
at utilityP1.UtilitiyP1.click(UtilitiyP1.java:79)
at utilityP1.UtilitiyP1.click(UtilitiyP1.java:79)
at utilityP1.UtilitiyP1.click(UtilitiyP1.java:79)
at utilityP1.UtilitiyP1.click(UtilitiyP1.java:79)
at utilityP1.UtilitiyP1.click(UtilitiyP1.java:79)
at utilityP1.UtilitiyP1.click(UtilitiyP1.java:79)
at utilityP1.UtilitiyP1.click(UtilitiyP1.java:79)
at utilityP1.UtilitiyP1.click(UtilitiyP1.java:79)
at utilityP1.UtilitiyP1.click(UtilitiyP1.java:79)
at utilityP1.UtilitiyP1.click(UtilitiyP1.java:79)
at utilityP1.UtilitiyP1.click(UtilitiyP1.java:79)
at utilityP1.UtilitiyP1.click(UtilitiyP1.java:79)
at utilityP1.UtilitiyP1.click(UtilitiyP1.java:79)
at utilityP1.UtilitiyP1.click(UtilitiyP1.java:79)
at utilityP1.UtilitiyP1.click(UtilitiyP1.java:79)
at utilityP1.UtilitiyP1.click(UtilitiyP1.java:79)
at utilityP1.UtilitiyP1.click(UtilitiyP1.java:79)
at utilityP1.UtilitiyP1.click(UtilitiyP1.java:79)
at utilityP1.UtilitiyP1.click(UtilitiyP1.java:79)
at utilityP1.UtilitiyP1.click(UtilitiyP1.java:79)
at utilityP1.UtilitiyP1.click(UtilitiyP1.java:79)
at utilityP1.UtilitiyP1.click(UtilitiyP1.java:79)
at utilityP1.UtilitiyP1.click(UtilitiyP1.java:79)
at utilityP1.UtilitiyP1.click(UtilitiyP1.java:79)
at utilityP1.UtilitiyP1.click(UtilitiyP1.java:79)
at utilityP1.UtilitiyP1.click(UtilitiyP1.java:79)
at utilityP1.UtilitiyP1.click(UtilitiyP1.java:79)
at utilityP1.UtilitiyP1.click(UtilitiyP1.java:79)
at utilityP1.UtilitiyP1.click(UtilitiyP1.java:79)
at utilityP1.UtilitiyP1.click(UtilitiyP1.java:79)
at utilityP1.UtilitiyP1.click(UtilitiyP1.java:79)
at utilityP1.UtilitiyP1.click(UtilitiyP1.java:79)
at utilityP1.UtilitiyP1.click(UtilitiyP1.java:79)
at utilityP1.UtilitiyP1.click(UtilitiyP1.java:79)
at utilityP1.UtilitiyP1.click(UtilitiyP1.java:79)
at utilityP1.UtilitiyP1.click(UtilitiyP1.java:79)
at utilityP1.UtilitiyP1.click(UtilitiyP1.java:79)
at utilityP1.UtilitiyP1.click(UtilitiyP1.java:79)
at utilityP1.UtilitiyP1.click(UtilitiyP1.java:79)
at utilityP1.UtilitiyP1.click(UtilitiyP1.java:79)
at utilityP1.UtilitiyP1.click(UtilitiyP1.java:79)
at utilityP1.UtilitiyP1.click(UtilitiyP1.java:79)
at utilityP1.UtilitiyP1.click(UtilitiyP1.java:79)
at utilityP1.UtilitiyP1.click(UtilitiyP1.java:79)
at utilityP1.UtilitiyP1.click(UtilitiyP1.java:79)
at utilityP1.UtilitiyP1.click(UtilitiyP1.java:79)
at utilityP1.UtilitiyP1.click(UtilitiyP1.java:79)
at utilityP1.UtilitiyP1.click(UtilitiyP1.java:79)
at utilityP1.UtilitiyP1.click(UtilitiyP1.java:79)
at utilityP1.UtilitiyP1.click(UtilitiyP1.java:79)
at utilityP1.UtilitiyP1.click(UtilitiyP1.java:79)
at utilityP1.UtilitiyP1.click(UtilitiyP1.java:79)
at utilityP1.UtilitiyP1.click(UtilitiyP1.java:79)
at utilityP1.UtilitiyP1.click(UtilitiyP1.java:79)
at utilityP1.UtilitiyP1.click(UtilitiyP1.java:79)
at utilityP1.UtilitiyP1.click(UtilitiyP1.java:79)
at utilityP1.UtilitiyP1.click(UtilitiyP1.java:79)
at utilityP1.UtilitiyP1.click(UtilitiyP1.java:79)
at utilityP1.UtilitiyP1.click(UtilitiyP1.java:79)
at utilityP1.UtilitiyP1.click(UtilitiyP1.java:79)
at utilityP1.UtilitiyP1.click(UtilitiyP1.java:79)
at utilityP1.UtilitiyP1.click(UtilitiyP1.java:79)
at utilityP1.UtilitiyP1.click(UtilitiyP1.java:79)
at utilityP1.UtilitiyP1.click(UtilitiyP1.java:79)
at utilityP1.UtilitiyP1.click(UtilitiyP1.java:79)
at utilityP1.UtilitiyP1.click(UtilitiyP1.java:79)
at utilityP1.UtilitiyP1.click(UtilitiyP1.java:79)
at utilityP1.UtilitiyP1.click(UtilitiyP1.java:79)
at utilityP1.UtilitiyP1.click(UtilitiyP1.java:79)
at utilityP1.UtilitiyP1.click(UtilitiyP1.java:79)
at utilityP1.UtilitiyP1.click(UtilitiyP1.java:79)
at utilityP1.UtilitiyP1.click(UtilitiyP1.java:79)
at utilityP1.UtilitiyP1.click(UtilitiyP1.java:79)
at utilityP1.UtilitiyP1.click(UtilitiyP1.java:79)
at utilityP1.UtilitiyP1.click(UtilitiyP1.java:79)
at utilityP1.UtilitiyP1.click(UtilitiyP1.java:79)
at utilityP1.UtilitiyP1.click(UtilitiyP1.java:79)
at utilityP1.UtilitiyP1.click(UtilitiyP1.java:79)
at utilityP1.UtilitiyP1.click(UtilitiyP1.java:79)
at utilityP1.UtilitiyP1.click(UtilitiyP1.java:79)
at utilityP1.UtilitiyP1.click(UtilitiyP1.java:79)
at utilityP1.UtilitiyP1.click(UtilitiyP1.java:79)
at utilityP1.UtilitiyP1.click(UtilitiyP1.java:79)
at utilityP1.UtilitiyP1.click(UtilitiyP1.java:79)
at utilityP1.UtilitiyP1.click(UtilitiyP1.java:79)
at utilityP1.UtilitiyP1.click(UtilitiyP1.java:79)
at utilityP1.UtilitiyP1.click(UtilitiyP1.java:79)
at utilityP1.UtilitiyP1.click(UtilitiyP1.java:79)
at utilityP1.UtilitiyP1.click(UtilitiyP1.java:79)
at utilityP1.UtilitiyP1.click(UtilitiyP1.java:79)
at utilityP1.UtilitiyP1.click(UtilitiyP1.java:79)
at utilityP1.UtilitiyP1.click(UtilitiyP1.java:79)
at utilityP1.UtilitiyP1.click(UtilitiyP1.java:79)
at utilityP1.UtilitiyP1.click(UtilitiyP1.java:79)
at utilityP1.UtilitiyP1.click(UtilitiyP1.java:79)
at utilityP1.UtilitiyP1.click(UtilitiyP1.java:79)
at utilityP1.UtilitiyP1.click(UtilitiyP1.java:79)
at utilityP1.UtilitiyP1.click(UtilitiyP1.java:79)
at utilityP1.UtilitiyP1.click(UtilitiyP1.java:79)
at utilityP1.UtilitiyP1.click(UtilitiyP1.java:79)
at utilityP1.UtilitiyP1.click(UtilitiyP1.java:79)
at utilityP1.UtilitiyP1.click(UtilitiyP1.java:79)
at utilityP1.UtilitiyP1.click(UtilitiyP1.java:79)
at utilityP1.UtilitiyP1.click(UtilitiyP1.java:79)
at utilityP1.UtilitiyP1.click(UtilitiyP1.java:79)
at utilityP1.UtilitiyP1.click(UtilitiyP1.java:79)
at utilityP1.UtilitiyP1.click(UtilitiyP1.java:79)
at utilityP1.UtilitiyP1.click(UtilitiyP1.java:79)
at utilityP1.UtilitiyP1.click(UtilitiyP1.java:79)
at utilityP1.UtilitiyP1.click(UtilitiyP1.java:79)
at utilityP1.UtilitiyP1.click(UtilitiyP1.java:79)
at utilityP1.UtilitiyP1.click(UtilitiyP1.java:79)
at utilityP1.UtilitiyP1.click(UtilitiyP1.java:79)
at utilityP1.UtilitiyP1.click(UtilitiyP1.java:79)
at utilityP1.UtilitiyP1.click(UtilitiyP1.java:79)
at utilityP1.UtilitiyP1.click(UtilitiyP1.java:79)
at utilityP1.UtilitiyP1.click(UtilitiyP1.java:79)
at utilityP1.UtilitiyP1.click(UtilitiyP1.java:79)
at utilityP1.UtilitiyP1.click(UtilitiyP1.java:79)
at utilityP1.UtilitiyP1.click(UtilitiyP1.java:79)
at utilityP1.UtilitiyP1.click(UtilitiyP1.java:79)
at utilityP1.UtilitiyP1.click(UtilitiyP1.java:79)
at utilityP1.UtilitiyP1.click(UtilitiyP1.java:79)
at utilityP1.UtilitiyP1.click(UtilitiyP1.java:79)
at utilityP1.UtilitiyP1.click(UtilitiyP1.java:79)
at utilityP1.UtilitiyP1.click(UtilitiyP1.java:79)
at utilityP1.UtilitiyP1.click(UtilitiyP1.java:79)
at utilityP1.UtilitiyP1.click(UtilitiyP1.java:79)
at utilityP1.UtilitiyP1.click(UtilitiyP1.java:79)
at utilityP1.UtilitiyP1.click(UtilitiyP1.java:79)
at utilityP1.UtilitiyP1.click(UtilitiyP1.java:79)
at utilityP1.UtilitiyP1.click(UtilitiyP1.java:79)
at utilityP1.UtilitiyP1.click(UtilitiyP1.java:79)
at utilityP1.UtilitiyP1.click(UtilitiyP1.java:79)
at utilityP1.UtilitiyP1.click(UtilitiyP1.java:79)
at utilityP1.UtilitiyP1.click(UtilitiyP1.java:79)
at utilityP1.UtilitiyP1.click(UtilitiyP1.java:79)
at utilityP1.UtilitiyP1.click(UtilitiyP1.java:79)
at utilityP1.UtilitiyP1.click(UtilitiyP1.java:79)
at utilityP1.UtilitiyP1.click(UtilitiyP1.java:79)
at utilityP1.UtilitiyP1.click(UtilitiyP1.java:79)
at utilityP1.UtilitiyP1.click(UtilitiyP1.java:79)
at utilityP1.UtilitiyP1.click(UtilitiyP1.java:79)
at utilityP1.UtilitiyP1.click(UtilitiyP1.java:79)
at utilityP1.UtilitiyP1.click(UtilitiyP1.java:79)
at utilityP1.UtilitiyP1.click(UtilitiyP1.java:79)
at utilityP1.UtilitiyP1.click(UtilitiyP1.java:79)
at utilityP1.UtilitiyP1.click(UtilitiyP1.java:79)
at utilityP1.UtilitiyP1.click(UtilitiyP1.java:79)
at utilityP1.UtilitiyP1.click(UtilitiyP1.java:79)
at utilityP1.UtilitiyP1.click(UtilitiyP1.java:79)
at utilityP1.UtilitiyP1.click(UtilitiyP1.java:79)
at utilityP1.UtilitiyP1.click(UtilitiyP1.java:79)
at utilityP1.UtilitiyP1.click(UtilitiyP1.java:79)
at utilityP1.UtilitiyP1.click(UtilitiyP1.java:79)
at utilityP1.UtilitiyP1.click(UtilitiyP1.java:79)
at utilityP1.UtilitiyP1.click(UtilitiyP1.java:79)
at utilityP1.UtilitiyP1.click(UtilitiyP1.java:79)
at utilityP1.UtilitiyP1.click(UtilitiyP1.java:79)
at utilityP1.UtilitiyP1.click(UtilitiyP1.java:79)
at utilityP1.UtilitiyP1.click(UtilitiyP1.java:79)
at utilityP1.UtilitiyP1.click(UtilitiyP1.java:79)
at utilityP1.UtilitiyP1.click(UtilitiyP1.java:79)
at utilityP1.UtilitiyP1.click(UtilitiyP1.java:79)
at utilityP1.UtilitiyP1.click(UtilitiyP1.java:79)
at utilityP1.UtilitiyP1.click(UtilitiyP1.java:79)
at utilityP1.UtilitiyP1.click(UtilitiyP1.java:79)
at utilityP1.UtilitiyP1.click(UtilitiyP1.java:79)
at utilityP1.UtilitiyP1.click(UtilitiyP1.java:79)
at utilityP1.UtilitiyP1.click(UtilitiyP1.java:79)
at utilityP1.UtilitiyP1.click(UtilitiyP1.java:79)
at utilityP1.UtilitiyP1.click(UtilitiyP1.java:79)
at utilityP1.UtilitiyP1.click(UtilitiyP1.java:79)
at utilityP1.UtilitiyP1.click(UtilitiyP1.java:79)
at utilityP1.UtilitiyP1.click(UtilitiyP1.java:79)
at utilityP1.UtilitiyP1.click(UtilitiyP1.java:79)
at utilityP1.UtilitiyP1.click(UtilitiyP1.java:79)
at utilityP1.UtilitiyP1.click(UtilitiyP1.java:79)
at utilityP1.UtilitiyP1.click(UtilitiyP1.java:79)
at utilityP1.UtilitiyP1.click(UtilitiyP1.java:79)
at utilityP1.UtilitiyP1.click(UtilitiyP1.java:79)
at utilityP1.UtilitiyP1.click(UtilitiyP1.java:79)
at utilityP1.UtilitiyP1.click(UtilitiyP1.java:79)
at utilityP1.UtilitiyP1.click(UtilitiyP1.java:79)
at utilityP1.UtilitiyP1.click(UtilitiyP1.java:79)
at utilityP1.UtilitiyP1.click(UtilitiyP1.java:79)
at utilityP1.UtilitiyP1.click(UtilitiyP1.java:79)
at utilityP1.UtilitiyP1.click(UtilitiyP1.java:79)
at utilityP1.UtilitiyP1.click(UtilitiyP1.java:79)
at utilityP1.UtilitiyP1.click(UtilitiyP1.java:79)
at utilityP1.UtilitiyP1.click(UtilitiyP1.java:79)
at utilityP1.UtilitiyP1.click(UtilitiyP1.java:79)
at utilityP1.UtilitiyP1.click(UtilitiyP1.java:79)
at utilityP1.UtilitiyP1.click(UtilitiyP1.java:79)
at utilityP1.UtilitiyP1.click(UtilitiyP1.java:79)
at utilityP1.UtilitiyP1.click(UtilitiyP1.java:79)
at utilityP1.UtilitiyP1.click(UtilitiyP1.java:79)
at utilityP1.UtilitiyP1.click(UtilitiyP1.java:79)
at utilityP1.UtilitiyP1.click(UtilitiyP1.java:79)
at utilityP1.UtilitiyP1.click(UtilitiyP1.java:79)
at utilityP1.UtilitiyP1.click(UtilitiyP1.java:79)
at utilityP1.UtilitiyP1.click(UtilitiyP1.java:79)
at utilityP1.UtilitiyP1.click(UtilitiyP1.java:79)
at utilityP1.UtilitiyP1.click(UtilitiyP1.java:79)
at utilityP1.UtilitiyP1.click(UtilitiyP1.java:79)
at utilityP1.UtilitiyP1.click(UtilitiyP1.java:79)
at utilityP1.UtilitiyP1.click(UtilitiyP1.java:79)
at utilityP1.UtilitiyP1.click(UtilitiyP1.java:79)
at utilityP1.UtilitiyP1.click(UtilitiyP1.java:79)
at utilityP1.UtilitiyP1.click(UtilitiyP1.java:79)
at utilityP1.UtilitiyP1.click(UtilitiyP1.java:79)
at utilityP1.UtilitiyP1.click(UtilitiyP1.java:79)
at utilityP1.UtilitiyP1.click(UtilitiyP1.java:79)
at utilityP1.UtilitiyP1.click(UtilitiyP1.java:79)
at utilityP1.UtilitiyP1.click(UtilitiyP1.java:79)
at utilityP1.UtilitiyP1.click(UtilitiyP1.java:79)
at utilityP1.UtilitiyP1.click(UtilitiyP1.java:79)
at utilityP1.UtilitiyP1.click(UtilitiyP1.java:79)
at utilityP1.UtilitiyP1.click(UtilitiyP1.java:79)
at utilityP1.UtilitiyP1.click(UtilitiyP1.java:79)
at utilityP1.UtilitiyP1.click(UtilitiyP1.java:79)
at utilityP1.UtilitiyP1.click(UtilitiyP1.java:79)
at utilityP1.UtilitiyP1.click(UtilitiyP1.java:79)
at utilityP1.UtilitiyP1.click(UtilitiyP1.java:79)
at utilityP1.UtilitiyP1.click(UtilitiyP1.java:79)
at utilityP1.UtilitiyP1.click(UtilitiyP1.java:79)
at utilityP1.UtilitiyP1.click(UtilitiyP1.java:79)
at utilityP1.UtilitiyP1.click(UtilitiyP1.java:79)
at utilityP1.UtilitiyP1.click(UtilitiyP1.java:79)
at utilityP1.UtilitiyP1.click(UtilitiyP1.java:79)
at utilityP1.UtilitiyP1.click(UtilitiyP1.java:79)
at utilityP1.UtilitiyP1.click(UtilitiyP1.java:79)
at utilityP1.UtilitiyP1.click(UtilitiyP1.java:79)
at utilityP1.UtilitiyP1.click(UtilitiyP1.java:79)
at utilityP1.UtilitiyP1.click(UtilitiyP1.java:79)
at utilityP1.UtilitiyP1.click(UtilitiyP1.java:79)
at utilityP1.UtilitiyP1.click(UtilitiyP1.java:79)
at utilityP1.UtilitiyP1.click(UtilitiyP1.java:79)
at utilityP1.UtilitiyP1.click(UtilitiyP1.java:79)
at utilityP1.UtilitiyP1.click(UtilitiyP1.java:79)
at utilityP1.UtilitiyP1.click(UtilitiyP1.java:79)
at utilityP1.UtilitiyP1.click(UtilitiyP1.java:79)
at utilityP1.UtilitiyP1.click(UtilitiyP1.java:79)
at utilityP1.UtilitiyP1.click(UtilitiyP1.java:79)
at utilityP1.UtilitiyP1.click(UtilitiyP1.java:79)
at utilityP1.UtilitiyP1.click(UtilitiyP1.java:79)
at utilityP1.UtilitiyP1.click(UtilitiyP1.java:79)
at utilityP1.UtilitiyP1.click(UtilitiyP1.java:79)
at utilityP1.UtilitiyP1.click(UtilitiyP1.java:79)
at utilityP1.UtilitiyP1.click(UtilitiyP1.java:79)
at utilityP1.UtilitiyP1.click(UtilitiyP1.java:79)
at utilityP1.UtilitiyP1.click(UtilitiyP1.java:79)
at utilityP1.UtilitiyP1.click(UtilitiyP1.java:79)
at utilityP1.UtilitiyP1.click(UtilitiyP1.java:79)
at utilityP1.UtilitiyP1.click(UtilitiyP1.java:79)
at utilityP1.UtilitiyP1.click(UtilitiyP1.java:79)
at utilityP1.UtilitiyP1.click(UtilitiyP1.java:79)
at utilityP1.UtilitiyP1.click(UtilitiyP1.java:79)
at utilityP1.UtilitiyP1.click(UtilitiyP1.java:79)
at utilityP1.UtilitiyP1.click(UtilitiyP1.java:79)
at utilityP1.UtilitiyP1.click(UtilitiyP1.java:79)
at utilityP1.UtilitiyP1.click(UtilitiyP1.java:79)
at utilityP1.UtilitiyP1.click(UtilitiyP1.java:79)
at utilityP1.UtilitiyP1.click(UtilitiyP1.java:79)
at utilityP1.UtilitiyP1.click(UtilitiyP1.java:79)
at utilityP1.UtilitiyP1.click(UtilitiyP1.java:79)
at utilityP1.UtilitiyP1.click(UtilitiyP1.java:79)
at utilityP1.UtilitiyP1.click(UtilitiyP1.java:79)
at utilityP1.UtilitiyP1.click(UtilitiyP1.java:79)
at utilityP1.UtilitiyP1.click(UtilitiyP1.java:79)
at utilityP1.UtilitiyP1.click(UtilitiyP1.java:79)
at utilityP1.UtilitiyP1.click(UtilitiyP1.java:79)
at utilityP1.UtilitiyP1.click(UtilitiyP1.java:79)
at utilityP1.UtilitiyP1.click(UtilitiyP1.java:79)
at utilityP1.UtilitiyP1.click(UtilitiyP1.java:79)
at utilityP1.UtilitiyP1.click(UtilitiyP1.java:79)
at utilityP1.UtilitiyP1.click(UtilitiyP1.java:79)
at utilityP1.UtilitiyP1.click(UtilitiyP1.java:79)
at utilityP1.UtilitiyP1.click(UtilitiyP1.java:79)
at utilityP1.UtilitiyP1.click(UtilitiyP1.java:79)
at utilityP1.UtilitiyP1.click(UtilitiyP1.java:79)
at utilityP1.UtilitiyP1.click(UtilitiyP1.java:79)
at utilityP1.UtilitiyP1.click(UtilitiyP1.java:79)
at utilityP1.UtilitiyP1.click(UtilitiyP1.java:79)
at utilityP1.UtilitiyP1.click(UtilitiyP1.java:79)
at utilityP1.UtilitiyP1.click(UtilitiyP1.java:79)
at utilityP1.UtilitiyP1.click(UtilitiyP1.java:79)
at utilityP1.UtilitiyP1.click(UtilitiyP1.java:79)
at utilityP1.UtilitiyP1.click(UtilitiyP1.java:79)
at utilityP1.UtilitiyP1.click(UtilitiyP1.java:79)
at utilityP1.UtilitiyP1.click(UtilitiyP1.java:79)
at utilityP1.UtilitiyP1.click(UtilitiyP1.java:79)
at utilityP1.UtilitiyP1.click(UtilitiyP1.java:79)
at utilityP1.UtilitiyP1.click(UtilitiyP1.java:79)
at utilityP1.UtilitiyP1.click(UtilitiyP1.java:79)
at utilityP1.UtilitiyP1.click(UtilitiyP1.java:79)
at utilityP1.UtilitiyP1.click(UtilitiyP1.java:79)
at utilityP1.UtilitiyP1.click(UtilitiyP1.java:79)
at utilityP1.UtilitiyP1.click(UtilitiyP1.java:79)
at utilityP1.UtilitiyP1.click(UtilitiyP1.java:79)
at utilityP1.UtilitiyP1.click(UtilitiyP1.java:79)
at utilityP1.UtilitiyP1.click(UtilitiyP1.java:79)
at utilityP1.UtilitiyP1.click(UtilitiyP1.java:79)
at utilityP1.UtilitiyP1.click(UtilitiyP1.java:79)
at utilityP1.UtilitiyP1.click(UtilitiyP1.java:79)
at utilityP1.UtilitiyP1.click(UtilitiyP1.java:79)
at utilityP1.UtilitiyP1.click(UtilitiyP1.java:79)
at utilityP1.UtilitiyP1.click(UtilitiyP1.java:79)
at utilityP1.UtilitiyP1.click(UtilitiyP1.java:79)
at utilityP1.UtilitiyP1.click(UtilitiyP1.java:79)
at utilityP1.UtilitiyP1.click(UtilitiyP1.java:79)
at utilityP1.UtilitiyP1.click(UtilitiyP1.java:79)
at utilityP1.UtilitiyP1.click(UtilitiyP1.java:79)
at utilityP1.UtilitiyP1.click(UtilitiyP1.java:79)
at utilityP1.UtilitiyP1.click(UtilitiyP1.java:79)
at utilityP1.UtilitiyP1.click(UtilitiyP1.java:79)
at utilityP1.UtilitiyP1.click(UtilitiyP1.java:79)
at utilityP1.UtilitiyP1.click(UtilitiyP1.java:79)
at utilityP1.UtilitiyP1.click(UtilitiyP1.java:79)
at utilityP1.UtilitiyP1.click(UtilitiyP1.java:79)
at utilityP1.UtilitiyP1.click(UtilitiyP1.java:79)
at utilityP1.UtilitiyP1.click(UtilitiyP1.java:79)
at utilityP1.UtilitiyP1.click(UtilitiyP1.java:79)
at utilityP1.UtilitiyP1.click(UtilitiyP1.java:79)
at utilityP1.UtilitiyP1.click(UtilitiyP1.java:79)
at utilityP1.UtilitiyP1.click(UtilitiyP1.java:79)
at utilityP1.UtilitiyP1.click(UtilitiyP1.java:79)
at utilityP1.UtilitiyP1.click(UtilitiyP1.java:79)
at utilityP1.UtilitiyP1.click(UtilitiyP1.java:79)
at utilityP1.UtilitiyP1.click(UtilitiyP1.java:79)
at utilityP1.UtilitiyP1.click(UtilitiyP1.java:79)
at utilityP1.UtilitiyP1.click(UtilitiyP1.java:79)
at utilityP1.UtilitiyP1.click(UtilitiyP1.java:79)
at utilityP1.UtilitiyP1.click(UtilitiyP1.java:79)
at utilityP1.UtilitiyP1.click(UtilitiyP1.java:79)
at utilityP1.UtilitiyP1.click(UtilitiyP1.java:79)
at utilityP1.UtilitiyP1.click(UtilitiyP1.java:79)
at utilityP1.UtilitiyP1.click(UtilitiyP1.java:79)
at utilityP1.UtilitiyP1.click(UtilitiyP1.java:79)
at utilityP1.UtilitiyP1.click(UtilitiyP1.java:79)
at utilityP1.UtilitiyP1.click(UtilitiyP1.java:79)
at utilityP1.UtilitiyP1.click(UtilitiyP1.java:79)
at utilityP1.UtilitiyP1.click(UtilitiyP1.java:79)
at utilityP1.UtilitiyP1.click(UtilitiyP1.java:79)
at utilityP1.UtilitiyP1.click(UtilitiyP1.java:79)
at utilityP1.UtilitiyP1.click(UtilitiyP1.java:79)
at utilityP1.UtilitiyP1.click(UtilitiyP1.java:79)
at utilityP1.UtilitiyP1.click(UtilitiyP1.java:79)
at utilityP1.UtilitiyP1.click(UtilitiyP1.java:79)
at utilityP1.UtilitiyP1.click(UtilitiyP1.java:79)
at utilityP1.UtilitiyP1.click(UtilitiyP1.java:79)
at utilityP1.UtilitiyP1.click(UtilitiyP1.java:79)
at utilityP1.UtilitiyP1.click(UtilitiyP1.java:79)
at utilityP1.UtilitiyP1.click(UtilitiyP1.java:79)
at utilityP1.UtilitiyP1.click(UtilitiyP1.java:79)
at utilityP1.UtilitiyP1.click(UtilitiyP1.java:79)
at utilityP1.UtilitiyP1.click(UtilitiyP1.java:79)
at utilityP1.UtilitiyP1.click(UtilitiyP1.java:79)
at utilityP1.UtilitiyP1.click(UtilitiyP1.java:79)
at utilityP1.UtilitiyP1.click(UtilitiyP1.java:79)
at utilityP1.UtilitiyP1.click(UtilitiyP1.java:79)
at utilityP1.UtilitiyP1.click(UtilitiyP1.java:79)
at utilityP1.UtilitiyP1.click(UtilitiyP1.java:79)
at utilityP1.UtilitiyP1.click(UtilitiyP1.java:79)
at utilityP1.UtilitiyP1.click(UtilitiyP1.java:79)
at utilityP1.UtilitiyP1.click(UtilitiyP1.java:79)
at utilityP1.UtilitiyP1.click(UtilitiyP1.java:79)
at utilityP1.UtilitiyP1.click(UtilitiyP1.java:79)
at utilityP1.UtilitiyP1.click(UtilitiyP1.java:79)
at utilityP1.UtilitiyP1.click(UtilitiyP1.java:79)
at utilityP1.UtilitiyP1.click(UtilitiyP1.java:79)
at utilityP1.UtilitiyP1.click(UtilitiyP1.java:79)
at utilityP1.UtilitiyP1.click(UtilitiyP1.java:79)
at utilityP1.UtilitiyP1.click(UtilitiyP1.java:79)
at utilityP1.UtilitiyP1.click(UtilitiyP1.java:79)
at utilityP1.UtilitiyP1.click(UtilitiyP1.java:79)
at utilityP1.UtilitiyP1.click(UtilitiyP1.java:79)
at utilityP1.UtilitiyP1.click(UtilitiyP1.java:79)
at utilityP1.UtilitiyP1.click(UtilitiyP1.java:79)
at utilityP1.UtilitiyP1.click(UtilitiyP1.java:79)
at utilityP1.UtilitiyP1.click(UtilitiyP1.java:79)
at utilityP1.UtilitiyP1.click(UtilitiyP1.java:79)
at utilityP1.UtilitiyP1.click(UtilitiyP1.java:79)
at utilityP1.UtilitiyP1.click(UtilitiyP1.java:79)
at utilityP1.UtilitiyP1.click(UtilitiyP1.java:79)
at utilityP1.UtilitiyP1.click(UtilitiyP1.java:79)
at utilityP1.UtilitiyP1.click(UtilitiyP1.java:79)
at utilityP1.UtilitiyP1.click(UtilitiyP1.java:79)
at utilityP1.UtilitiyP1.click(UtilitiyP1.java:79)
at utilityP1.UtilitiyP1.click(UtilitiyP1.java:79)
at utilityP1.UtilitiyP1.click(UtilitiyP1.java:79)
at utilityP1.UtilitiyP1.click(UtilitiyP1.java:79)
at utilityP1.UtilitiyP1.click(UtilitiyP1.java:79)
at utilityP1.UtilitiyP1.click(UtilitiyP1.java:79)
at utilityP1.UtilitiyP1.click(UtilitiyP1.java:79)
at utilityP1.UtilitiyP1.click(UtilitiyP1.java:79)
at utilityP1.UtilitiyP1.click(UtilitiyP1.java:79)
at utilityP1.UtilitiyP1.click(UtilitiyP1.java:79)
at utilityP1.UtilitiyP1.click(UtilitiyP1.java:79)
at utilityP1.UtilitiyP1.click(UtilitiyP1.java:79)
at utilityP1.UtilitiyP1.click(UtilitiyP1.java:79)
at utilityP1.UtilitiyP1.click(UtilitiyP1.java:79)
at utilityP1.UtilitiyP1.click(UtilitiyP1.java:79)
at utilityP1.UtilitiyP1.click(UtilitiyP1.java:79)
at utilityP1.UtilitiyP1.click(UtilitiyP1.java:79)
at utilityP1.UtilitiyP1.click(UtilitiyP1.java:79)
at utilityP1.UtilitiyP1.click(UtilitiyP1.java:79)
at utilityP1.UtilitiyP1.click(UtilitiyP1.java:79)
at utilityP1.UtilitiyP1.click(UtilitiyP1.java:79)
at utilityP1.UtilitiyP1.click(UtilitiyP1.java:79)
at utilityP1.UtilitiyP1.click(UtilitiyP1.java:79)
at utilityP1.UtilitiyP1.click(UtilitiyP1.java:79)
at utilityP1.UtilitiyP1.click(UtilitiyP1.java:79)
at utilityP1.UtilitiyP1.click(UtilitiyP1.java:79)
at utilityP1.UtilitiyP1.click(UtilitiyP1.java:79)
at utilityP1.UtilitiyP1.click(UtilitiyP1.java:79)
at utilityP1.UtilitiyP1.click(UtilitiyP1.java:79)
at utilityP1.UtilitiyP1.click(UtilitiyP1.java:79)
at utilityP1.UtilitiyP1.click(UtilitiyP1.java:79)
at utilityP1.UtilitiyP1.click(UtilitiyP1.java:79)
at utilityP1.UtilitiyP1.click(UtilitiyP1.java:79)
at utilityP1.UtilitiyP1.click(UtilitiyP1.java:79)
at utilityP1.UtilitiyP1.click(UtilitiyP1.java:79)
at utilityP1.UtilitiyP1.click(UtilitiyP1.java:79)
at utilityP1.UtilitiyP1.click(UtilitiyP1.java:79)
]]>
    </error>
  </testcase> <!-- countrySelect -->
</testsuite> <!-- testP1.TC0003__CountrySelect -->
