<?xml version="1.0" encoding="UTF-8"?>
<!-- Generated by org.testng.reporters.JUnitReportReporter -->
<testsuite hostname="LAPTOP-50EOP4VT" failures="0" tests="3" name="testP1.TC0013__NegativeLoginsTests" time="112.385" errors="0" timestamp="2023-12-04T13:41:20 IST" skipped="0">
  <testcase classname="testP1.TC0013__NegativeLoginsTests" name="NLoginT" time="42.790"/>
  <testcase classname="testP1.TC0013__NegativeLoginsTests" name="NLoginT" time="39.854"/>
  <testcase classname="testP1.TC0013__NegativeLoginsTests" name="NLoginT" time="29.741"/>
</testsuite> <!-- testP1.TC0013__NegativeLoginsTests -->
