<?xml version="1.0" encoding="UTF-8"?>
<!-- Generated by org.testng.reporters.JUnitReportReporter -->
<testsuite hostname="LAPTOP-50EOP4VT" failures="0" tests="1" name="testP1.TC0009__AddCartCheckoutandPayment" time="168.054" errors="0" timestamp="2023-11-24T16:34:57 IST" skipped="0">
  <testcase classname="testP1.TC0009__AddCartCheckoutandPayment" name="checkoutPay" time="168.054"/>
</testsuite> <!-- testP1.TC0009__AddCartCheckoutandPayment -->
