<?xml version="1.0" encoding="UTF-8"?>
<!-- Generated by org.testng.reporters.JUnitReportReporter -->
<testsuite hostname="LAPTOP-50EOP4VT" failures="0" tests="2" name="testP1.TC0002__LoginP1Positive" time="57.181" errors="0" timestamp="2023-11-25T18:03:33 IST" skipped="0">
  <testcase classname="testP1.TC0002__LoginP1Positive" name="Register" time="30.746"/>
  <testcase classname="testP1.TC0002__LoginP1Positive" name="Register" time="26.435"/>
</testsuite> <!-- testP1.TC0002__LoginP1Positive -->
