<?xml version="1.0" encoding="UTF-8"?>
<!-- Generated by org.testng.reporters.JUnitReportReporter -->
<testsuite hostname="LAPTOP-50EOP4VT" failures="0" tests="1" name="testP1.TC0012__Negcheckout" time="9.118" errors="0" timestamp="2023-12-04T13:41:20 IST" skipped="0">
  <testcase classname="testP1.TC0012__Negcheckout" name="NeChe" time="9.118"/>
</testsuite> <!-- testP1.TC0012__Negcheckout -->
