<?xml version="1.0" encoding="UTF-8"?>
<!-- Generated by org.testng.reporters.JUnitReportReporter -->
<testsuite hostname="LAPTOP-50EOP4VT" failures="0" tests="1" name="testP1.TC0009__AddCartCheckoutandPayment" time="197.088" errors="0" timestamp="2023-12-03T10:38:14 IST" skipped="0">
  <testcase classname="testP1.TC0009__AddCartCheckoutandPayment" name="checkoutPay" time="197.088"/>
</testsuite> <!-- testP1.TC0009__AddCartCheckoutandPayment -->
