<?xml version="1.0" encoding="UTF-8"?>
<!-- Generated by org.testng.reporters.JUnitReportReporter -->
<testsuite hostname="LAPTOP-50EOP4VT" failures="0" tests="3" name="testP1.TC0013__NegativeLoginsTests" time="91.905" errors="0" timestamp="2023-12-06T13:50:05 IST" skipped="0">
  <testcase classname="testP1.TC0013__NegativeLoginsTests" name="NLoginT" time="29.951"/>
  <testcase classname="testP1.TC0013__NegativeLoginsTests" name="NLoginT" time="31.885"/>
  <testcase classname="testP1.TC0013__NegativeLoginsTests" name="NLoginT" time="30.069"/>
</testsuite> <!-- testP1.TC0013__NegativeLoginsTests -->
