<?xml version="1.0" encoding="UTF-8"?>
<!-- Generated by org.testng.reporters.JUnitReportReporter -->
<testsuite hostname="LAPTOP-50EOP4VT" failures="0" tests="2" name="testP1.TC0002__LoginP1Positive" time="51.768" errors="0" timestamp="2023-12-06T13:50:05 IST" skipped="0">
  <testcase classname="testP1.TC0002__LoginP1Positive" name="Register" time="23.955"/>
  <testcase classname="testP1.TC0002__LoginP1Positive" name="Register" time="27.813"/>
</testsuite> <!-- testP1.TC0002__LoginP1Positive -->
