<?xml version="1.0" encoding="UTF-8"?>
<!-- Generated by org.testng.reporters.JUnitReportReporter -->
<testsuite hostname="LAPTOP-50EOP4VT" failures="0" tests="2" name="testP1.TC0002__LoginP1Positive" time="46.829" errors="0" timestamp="2023-12-04T13:41:20 IST" skipped="0">
  <testcase classname="testP1.TC0002__LoginP1Positive" name="Register" time="25.369"/>
  <testcase classname="testP1.TC0002__LoginP1Positive" name="Register" time="21.460"/>
</testsuite> <!-- testP1.TC0002__LoginP1Positive -->
