<?xml version="1.0" encoding="UTF-8"?>
<!-- Generated by org.testng.reporters.JUnitReportReporter -->
<testsuite hostname="LAPTOP-50EOP4VT" failures="0" tests="1" name="testP1.TC0003__urlverify" time="15.011" errors="0" timestamp="2023-11-28T15:09:14 IST" skipped="0">
  <testcase classname="testP1.TC0003__urlverify" name="URl" time="15.011"/>
</testsuite> <!-- testP1.TC0003__urlverify -->
