<?xml version="1.0" encoding="UTF-8"?>
<!-- Generated by org.testng.reporters.JUnitReportReporter -->
<testsuite hostname="LAPTOP-50EOP4VT" failures="0" tests="3" name="testP1.TC0013__NegativeLoginsTests" time="134.409" errors="0" timestamp="2023-12-03T10:38:15 IST" skipped="0">
  <testcase classname="testP1.TC0013__NegativeLoginsTests" name="NLoginT" time="51.601"/>
  <testcase classname="testP1.TC0013__NegativeLoginsTests" name="NLoginT" time="43.039"/>
  <testcase classname="testP1.TC0013__NegativeLoginsTests" name="NLoginT" time="39.769"/>
</testsuite> <!-- testP1.TC0013__NegativeLoginsTests -->
