<?xml version="1.0" encoding="UTF-8"?>
<!-- Generated by org.testng.reporters.JUnitReportReporter -->
<testsuite hostname="LAPTOP-50EOP4VT" failures="0" tests="1" name="testP1.TC0004__LinkVerification" time="107.091" errors="0" timestamp="2023-12-03T10:38:15 IST" skipped="0">
  <testcase classname="testP1.TC0004__LinkVerification" name="linkverify" time="107.091"/>
</testsuite> <!-- testP1.TC0004__LinkVerification -->
