<?xml version="1.0" encoding="UTF-8"?>
<!-- Generated by org.testng.reporters.JUnitReportReporter -->
<testsuite hostname="LAPTOP-50EOP4VT" failures="0" tests="2" name="testP1.TC0001__SignUpP1Positive" time="64.100" errors="0" timestamp="2023-12-03T10:38:15 IST" skipped="0">
  <testcase classname="testP1.TC0001__SignUpP1Positive" name="Register" time="30.416"/>
  <testcase classname="testP1.TC0001__SignUpP1Positive" name="Register" time="33.684"/>
</testsuite> <!-- testP1.TC0001__SignUpP1Positive -->
