<?xml version="1.0" encoding="UTF-8"?>
<!-- Generated by org.testng.reporters.JUnitReportReporter -->
<testsuite hostname="LAPTOP-50EOP4VT" failures="0" tests="1" name="testP1.TC0006__SAddCartTest" time="88.623" errors="0" timestamp="2023-11-28T15:09:14 IST" skipped="0">
  <testcase classname="testP1.TC0006__SAddCartTest" name="Sadd" time="88.623"/>
</testsuite> <!-- testP1.TC0006__SAddCartTest -->
