<?xml version="1.0" encoding="UTF-8"?>
<!-- Generated by org.testng.reporters.JUnitReportReporter -->
<testsuite hostname="LAPTOP-50EOP4VT" failures="0" tests="1" name="testP1.TC0004__LinkVerification" time="93.861" errors="0" timestamp="2023-11-24T16:34:57 IST" skipped="0">
  <testcase classname="testP1.TC0004__LinkVerification" name="linkverify" time="93.861"/>
</testsuite> <!-- testP1.TC0004__LinkVerification -->
