<?xml version="1.0" encoding="UTF-8"?>
<!-- Generated by org.testng.reporters.JUnitReportReporter -->
<testsuite hostname="LAPTOP-50EOP4VT" failures="0" tests="2" name="testP1.TC0001__SignUpP1Positive" time="59.556" errors="0" timestamp="2023-11-27T11:17:58 IST" skipped="0">
  <testcase classname="testP1.TC0001__SignUpP1Positive" name="Register" time="26.805"/>
  <testcase classname="testP1.TC0001__SignUpP1Positive" name="Register" time="32.751"/>
</testsuite> <!-- testP1.TC0001__SignUpP1Positive -->
