<?xml version="1.0" encoding="UTF-8"?>
<!-- Generated by org.testng.reporters.JUnitReportReporter -->
<testsuite hostname="LAPTOP-50EOP4VT" failures="0" tests="3" name="testP1.TC0014__NegativeCreateacc" time="89.419" errors="0" timestamp="2023-12-06T13:50:05 IST" skipped="0">
  <testcase classname="testP1.TC0014__NegativeCreateacc" name="NegativeTest" time="27.620"/>
  <testcase classname="testP1.TC0014__NegativeCreateacc" name="NegativeTest" time="29.572"/>
  <testcase classname="testP1.TC0014__NegativeCreateacc" name="NegativeTest" time="32.227"/>
</testsuite> <!-- testP1.TC0014__NegativeCreateacc -->
