<?xml version="1.0" encoding="UTF-8"?>
<!-- Generated by org.testng.reporters.JUnitReportReporter -->
<testsuite hostname="LAPTOP-50EOP4VT" failures="0" tests="2" name="testP1.TC0001__SignUpP1Positive" time="55.737" errors="0" timestamp="2023-11-29T17:42:03 IST" skipped="0">
  <testcase classname="testP1.TC0001__SignUpP1Positive" name="Register" time="27.257"/>
  <testcase classname="testP1.TC0001__SignUpP1Positive" name="Register" time="28.480"/>
</testsuite> <!-- testP1.TC0001__SignUpP1Positive -->
