<?xml version="1.0" encoding="UTF-8"?>
<!-- Generated by org.testng.reporters.JUnitReportReporter -->
<testsuite hostname="LAPTOP-50EOP4VT" failures="0" tests="1" name="testP1.TC0008__BrandAddtoCart" time="52.770" errors="0" timestamp="2023-11-27T11:17:58 IST" skipped="0">
  <testcase classname="testP1.TC0008__BrandAddtoCart" name="BrandAdd" time="52.770"/>
</testsuite> <!-- testP1.TC0008__BrandAddtoCart -->
