<?xml version="1.0" encoding="UTF-8"?>
<!-- Generated by org.testng.reporters.JUnitReportReporter -->
<testsuite hostname="LAPTOP-50EOP4VT" failures="0" tests="2" name="testP1.TC0003__LoginP1Positive" time="77.399" errors="0" timestamp="2023-11-20T11:48:03 IST" skipped="0">
  <testcase classname="testP1.TC0003__LoginP1Positive" name="Register" time="37.716"/>
  <testcase classname="testP1.TC0003__LoginP1Positive" name="Register" time="39.683"/>
</testsuite> <!-- testP1.TC0003__LoginP1Positive -->
