<?xml version="1.0" encoding="UTF-8"?>
<!-- Generated by org.testng.reporters.JUnitReportReporter -->
<testsuite hostname="LAPTOP-50EOP4VT" failures="0" tests="1" name="testP1.TC0006__SAddCartTest" time="81.127" errors="0" timestamp="2023-11-27T11:17:58 IST" skipped="0">
  <testcase classname="testP1.TC0006__SAddCartTest" name="Sadd" time="81.127"/>
</testsuite> <!-- testP1.TC0006__SAddCartTest -->
