<?xml version="1.0" encoding="UTF-8"?>
<!-- Generated by org.testng.reporters.JUnitReportReporter -->
<testsuite hostname="LAPTOP-50EOP4VT" failures="0" tests="1" name="testP1.TC0010__NegSign" time="32.935" errors="0" timestamp="2023-12-06T13:50:05 IST" skipped="0">
  <testcase classname="testP1.TC0010__NegSign" name="Negs" time="32.935"/>
</testsuite> <!-- testP1.TC0010__NegSign -->
